<?xml version="1.0" encoding="UTF-8"?>
<testng-results ignored="0" total="4" passed="3" failed="0" skipped="1">
  <reporter-output>
  </reporter-output>
  <suite started-at="2020-12-18T19:52:25Z" name="Default suite" finished-at="2020-12-18T19:53:40Z" duration-ms="74840">
    <groups>
      <group name="cucumber">
        <method signature="AbstractTestNGCucumberTests.runScenario(io.cucumber.testng.PickleWrapper, io.cucumber.testng.FeatureWrapper)[pri:0, instance:com.testRunners.TestRunner@4d48bd85]" name="runScenario" class="io.cucumber.testng.AbstractTestNGCucumberTests"/>
      </group> <!-- cucumber -->
    </groups>
    <test started-at="2020-12-18T19:52:25Z" name="Default test" finished-at="2020-12-18T19:53:40Z" duration-ms="74840">
      <class name="com.testRunners.TestRunner">
        <test-method is-config="true" signature="setUpClass()[pri:0, instance:com.testRunners.TestRunner@4d48bd85]" started-at="2020-12-18T19:52:26Z" name="setUpClass" finished-at="2020-12-18T19:52:28Z" duration-ms="2580" status="PASS">
          <reporter-output>
          </reporter-output>
        </test-method> <!-- setUpClass -->
        <test-method signature="runScenario(io.cucumber.testng.PickleWrapper, io.cucumber.testng.FeatureWrapper)[pri:0, instance:com.testRunners.TestRunner@4d48bd85]" started-at="2020-12-18T19:52:28Z" name="runScenario" description="Runs Cucumber Scenarios" data-provider="scenarios" finished-at="2020-12-18T19:52:54Z" duration-ms="25758" status="PASS">
          <params>
            <param index="0">
              <value>
                <![CDATA["To create a new contacts"]]>
              </value>
            </param>
            <param index="1">
              <value>
                <![CDATA["To create a Contacts"]]>
              </value>
            </param>
          </params>
          <reporter-output>
          </reporter-output>
        </test-method> <!-- runScenario -->
        <test-method signature="runScenario(io.cucumber.testng.PickleWrapper, io.cucumber.testng.FeatureWrapper)[pri:0, instance:com.testRunners.TestRunner@4d48bd85]" started-at="2020-12-18T19:52:54Z" name="runScenario" description="Runs Cucumber Scenarios" data-provider="scenarios" finished-at="2020-12-18T19:53:11Z" duration-ms="16571" status="PASS">
          <params>
            <param index="0">
              <value>
                <![CDATA["To delete the created contacts"]]>
              </value>
            </param>
            <param index="1">
              <value>
                <![CDATA["To create a Contacts"]]>
              </value>
            </param>
          </params>
          <reporter-output>
          </reporter-output>
        </test-method> <!-- runScenario -->
        <test-method signature="runScenario(io.cucumber.testng.PickleWrapper, io.cucumber.testng.FeatureWrapper)[pri:0, instance:com.testRunners.TestRunner@4d48bd85]" started-at="2020-12-18T19:53:11Z" name="runScenario" description="Runs Cucumber Scenarios" data-provider="scenarios" finished-at="2020-12-18T19:53:23Z" duration-ms="12382" status="SKIP">
          <params>
            <param index="0">
              <value>
                <![CDATA["To verify login and take sceenshot"]]>
              </value>
            </param>
            <param index="1">
              <value>
                <![CDATA["To test the Crm application"]]>
              </value>
            </param>
          </params>
          <exception class="io.cucumber.testng.UndefinedStepException">
            <message>
              <![CDATA[There were 2 undefined steps
The step "logout from application" is undefined. You can implement it using the snippet(s) below:

@Then("logout from application")
public void logout_from_application() {
    // Write code here that turns the phrase above into concrete actions
    throw new io.cucumber.java.PendingException();
}

The step "close browser" is undefined. You can implement it using the snippet(s) below:

@Then("close browser")
public void close_browser() {
    // Write code here that turns the phrase above into concrete actions
    throw new io.cucumber.java.PendingException();
}
]]>
            </message>
            <full-stacktrace>
              <![CDATA[io.cucumber.testng.UndefinedStepException: There were 2 undefined steps
The step "logout from application" is undefined. You can implement it using the snippet(s) below:

@Then("logout from application")
public void logout_from_application() {
    // Write code here that turns the phrase above into concrete actions
    throw new io.cucumber.java.PendingException();
}

The step "close browser" is undefined. You can implement it using the snippet(s) below:

@Then("close browser")
public void close_browser() {
    // Write code here that turns the phrase above into concrete actions
    throw new io.cucumber.java.PendingException();
}

at io.cucumber.testng.TestCaseResultObserver.lambda$assertTestCasePassed$2(TestCaseResultObserver.java:26)
at io.cucumber.core.runtime.TestCaseResultObserver.assertTestCasePassed(TestCaseResultObserver.java:110)
at io.cucumber.testng.TestCaseResultObserver.assertTestCasePassed(TestCaseResultObserver.java:21)
at io.cucumber.testng.TestNGCucumberRunner.runScenario(TestNGCucumberRunner.java:125)
at io.cucumber.testng.AbstractTestNGCucumberTests.runScenario(AbstractTestNGCucumberTests.java:29)
at java.base/jdk.internal.reflect.NativeMethodAccessorImpl.invoke0(Native Method)
at java.base/jdk.internal.reflect.NativeMethodAccessorImpl.invoke(NativeMethodAccessorImpl.java:62)
at java.base/jdk.internal.reflect.DelegatingMethodAccessorImpl.invoke(DelegatingMethodAccessorImpl.java:43)
at java.base/java.lang.reflect.Method.invoke(Method.java:567)
at org.testng.internal.MethodInvocationHelper.invokeMethod(MethodInvocationHelper.java:124)
at org.testng.internal.Invoker.invokeMethod(Invoker.java:583)
at org.testng.internal.Invoker.invokeTestMethod(Invoker.java:719)
at org.testng.internal.Invoker.invokeTestMethods(Invoker.java:989)
at org.testng.internal.TestMethodWorker.invokeTestMethods(TestMethodWorker.java:125)
at org.testng.internal.TestMethodWorker.run(TestMethodWorker.java:109)
at org.testng.TestRunner.privateRun(TestRunner.java:648)
at org.testng.TestRunner.run(TestRunner.java:505)
at org.testng.SuiteRunner.runTest(SuiteRunner.java:455)
at org.testng.SuiteRunner.runSequentially(SuiteRunner.java:450)
at org.testng.SuiteRunner.privateRun(SuiteRunner.java:415)
at org.testng.SuiteRunner.run(SuiteRunner.java:364)
at org.testng.SuiteRunnerWorker.runSuite(SuiteRunnerWorker.java:52)
at org.testng.SuiteRunnerWorker.run(SuiteRunnerWorker.java:84)
at org.testng.TestNG.runSuitesSequentially(TestNG.java:1208)
at org.testng.TestNG.runSuitesLocally(TestNG.java:1137)
at org.testng.TestNG.runSuites(TestNG.java:1049)
at org.testng.TestNG.run(TestNG.java:1017)
at org.testng.remote.AbstractRemoteTestNG.run(AbstractRemoteTestNG.java:115)
at org.testng.remote.RemoteTestNG.initAndRun(RemoteTestNG.java:251)
at org.testng.remote.RemoteTestNG.main(RemoteTestNG.java:77)
]]>
            </full-stacktrace>
          </exception> <!-- io.cucumber.testng.UndefinedStepException -->
          <reporter-output>
          </reporter-output>
        </test-method> <!-- runScenario -->
        <test-method signature="runScenario(io.cucumber.testng.PickleWrapper, io.cucumber.testng.FeatureWrapper)[pri:0, instance:com.testRunners.TestRunner@4d48bd85]" started-at="2020-12-18T19:53:23Z" name="runScenario" description="Runs Cucumber Scenarios" data-provider="scenarios" finished-at="2020-12-18T19:53:38Z" duration-ms="14975" status="PASS">
          <params>
            <param index="0">
              <value>
                <![CDATA["To open the task page"]]>
              </value>
            </param>
            <param index="1">
              <value>
                <![CDATA["To test task page"]]>
              </value>
            </param>
          </params>
          <reporter-output>
          </reporter-output>
        </test-method> <!-- runScenario -->
        <test-method is-config="true" signature="tearDownClass()[pri:0, instance:com.testRunners.TestRunner@4d48bd85]" started-at="2020-12-18T19:53:38Z" name="tearDownClass" finished-at="2020-12-18T19:53:40Z" duration-ms="2034" status="PASS">
          <reporter-output>
          </reporter-output>
        </test-method> <!-- tearDownClass -->
      </class> <!-- com.testRunners.TestRunner -->
    </test> <!-- Default test -->
  </suite> <!-- Default suite -->
</testng-results>
